<?xml version="1.0" encoding="UTF-8"?>
<!-- Generated by org.testng.reporters.JUnitXMLReporter -->
<testsuite hostname="Imdadul_VM" name="Test" tests="4" failures="0" timestamp="2 Nov 2017 04:41:24 GMT" time="42.885" errors="0">
  <testcase name="seachOption" time="10.81" classname="walmartHomePage.searchWithDataTest"/>
  <testcase name="seachOption" time="7.192" classname="walmartHomePage.searchWithDataTest"/>
  <testcase name="seachOption" time="8.044" classname="walmartHomePage.searchWithDataTest"/>
  <testcase name="seachOption" time="4.203" classname="walmartHomePage.searchOptionTest"/>
</testsuite> <!-- Test -->
