<?xml version="1.0" encoding="UTF-8"?>
<!-- Generated by org.testng.reporters.JUnitXMLReporter -->
<testsuite hostname="Imdadul_VM" ignored="0" name="Walmart Home Page" tests="3" failures="0" timestamp="03 Nov 2017 03:50:28 GMT" time="52.732" errors="0">
  <testcase name="seachOption" time="11.117" classname="walmartHomePage.searchWithDataTest"/>
  <testcase name="seachOption" time="13.539" classname="walmartHomePage.searchWithDataTest"/>
  <testcase name="seachOption" time="13.155" classname="walmartHomePage.searchWithDataTest"/>
</testsuite> <!-- Walmart Home Page -->
