<?xml version="1.0" encoding="UTF-8"?>
<testsuite xmlns:xsi="http://www.w3.org/2001/XMLSchema-instance" xsi:noNamespaceSchemaLocation="https://maven.apache.org/surefire/maven-surefire-plugin/xsd/surefire-test-report.xsd" name="TestSuite" time="45.596" tests="4" errors="0" skipped="0" failures="2">
  <properties>
[...]
</properties>
  <testcase name="seachOption" classname="walmartHomePage.searchWithDataTest" time="9.561"/>
  <testcase name="seachOption" classname="walmartHomePage.searchWithDataTest" time="12.308"/>
  <testcase name="seachOption" classname="walmartHomePage.searchWithDataTest" time="4.602">
    <failure message="expected [true] but found [false]" type="java.lang.AssertionError">java.lang.AssertionError: expected [true] but found [false]
	at walmartHomePage.searchWithDataTest.seachOption(searchWithDataTest.java:43)
</failure>
    <system-out><![CDATA[E://sc//Pass_seachOption(171103110843-0400).png
]]></system-out>
  </testcase>
  <testcase name="seachOption" classname="walmartHomePage.searchOptionTest" time="5.832">
    <failure message="expected [true] but found [false]" type="java.lang.AssertionError">java.lang.AssertionError: expected [true] but found [false]
	at walmartHomePage.searchOptionTest.seachOption(searchOptionTest.java:45)
</failure>
    <system-out><![CDATA[E://sc//Fail_seachOption(171103110848-0400).png
]]></system-out>
    <system-err><![CDATA[Starting ChromeDriver 2.33.506120 (e3e53437346286c0bc2d2dc9aa4915ba81d9023f) on port 27189
Only local connections are allowed.
Nov 03, 2017 11:08:53 AM org.openqa.selenium.remote.ProtocolHandshake createSession
INFO: Detected dialect: OSS
]]></system-err>
  </testcase>
</testsuite>